# Initialization
y1 = x1; y2 = x2; y3 = x3; y4 = x4; y5 = x5; y6 = x6; y7 = x7; y8 = x8; y9 = x9; y10 = x10; y11 = x11; y12 = x12; y13 = x13; y14 = x14; y15 = x15; y16 = x16; y17 = x17; y18 = x18; y19 = x19; y20 = x20; y21 = x21; y22 = x22; y23 = x23; y24 = x24; y25 = x25; y26 = x26; y27 = x27; y28 = x28; y29 = x29; y30 = x30; y31 = x31; y32 = x32; y33 = x33; y34 = x34; y35 = x35; y36 = x36; y37 = x37; y38 = x38; y39 = x39; y40 = x40; y41 = x41; y42 = x42; y43 = x43; y44 = x44; y45 = x45; y46 = x46; y47 = x47; y48 = x48; y49 = x49; y50 = x50; y51 = x51; y52 = x52; y53 = x53; y54 = x54; y55 = x55; y56 = x56; y57 = x57; y58 = x58; y59 = x59; y60 = x60; y61 = x61; y62 = x62; y63 = x63; y64 = x64; y65 = x65; y66 = x66; y67 = x67; y68 = x68; y69 = x69; y70 = x70; y71 = x71; y72 = x72; y73 = x73; y74 = x74; y75 = x75; y76 = x76; y77 = x77; y78 = x78; y79 = x79; y80 = x80; y81 = x81; y82 = x82; y83 = x83; y84 = x84; y85 = x85; y86 = x86; y87 = x87; y88 = x88; y89 = x89; y90 = x90; y91 = x91; y92 = x92; y93 = x93; y94 = x94; y95 = x95; y96 = x96; y97 = x97; y98 = x98; y99 = x99; y100 = x100; y101 = x101; y102 = x102; y103 = x103; y104 = x104; y105 = x105; y106 = x106; y107 = x107; y108 = x108; y109 = x109; y110 = x110; y111 = x111; y112 = x112; y113 = x113; y114 = x114; y115 = x115; y116 = x116; y117 = x117; y118 = x118; y119 = x119; y120 = x120; y121 = x121; y122 = x122; y123 = x123; y124 = x124; y125 = x125; y126 = x126; y127 = x127; y128 = x128; y129 = 0; y130 = 0; y131 = 0; y132 = 0; y133 = 0; y134 = 0; y135 = 0; y136 = 0; y137 = 0; y138 = 0; y139 = 0; y140 = 0; y141 = 0; y142 = 0; y143 = 0; y144 = 0; y145 = 0; y146 = 0; y147 = 0; y148 = 0; y149 = 0; y150 = 0; y151 = 0; y152 = 0; y153 = 0; y154 = 0; y155 = 0; y156 = 0; y157 = 0; y158 = 0; y159 = 0; y160 = 0; y161 = 0; y162 = 0; y163 = 0; y164 = 0; y165 = 0; y166 = 0; y167 = 0; y168 = 0; y169 = 0; y170 = 0; y171 = 0; y172 = 0; y173 = 0; y174 = 0; y175 = 0; y176 = 0; y177 = 0; y178 = 0; y179 = 0; y180 = 0; y181 = 0; y182 = 0; y183 = 0; y184 = 0; y185 = 0; y186 = 0; y187 = 0; y188 = 0; y189 = 0; y190 = 0; y191 = 0; y192 = 0; y193 = 0; y194 = 0; y195 = 0; y196 = 0; y197 = 0; y198 = 0; y199 = 0; y200 = 0; y201 = 0; y202 = 0; y203 = 0; y204 = 0; y205 = 0; y206 = 0; y207 = 0; y208 = 0; y209 = 0; y210 = 0; y211 = 0; y212 = 0; y213 = 0; y214 = 0; y215 = 0; y216 = 0; y217 = 0; y218 = 0; y219 = 0; y220 = 0; y221 = 0; y222 = 0; y223 = 0; y224 = 0; y225 = 0; y226 = 0; y227 = 0; y228 = 0; y229 = 0; y230 = 0; y231 = 0; y232 = 0; y233 = 0; y234 = 0; y235 = 0; y236 = 0; y237 = 0; y238 = 0; y239 = 0; y240 = 0; y241 = 0; y242 = 0; y243 = 0; y244 = 0; y245 = 0; y246 = 0; y247 = 0; y248 = 0; y249 = 0; y250 = 0; y251 = 0; y252 = 0; y253 = 0; y254 = 0; y255 = 0; y256 = 0; y257 = 0; y258 = 0; y259 = 0; y260 = 0; y261 = 0; y262 = 0; y263 = 0; y264 = 0; y265 = 0; y266 = 0; y267 = 0; y268 = 0; y269 = 0; y270 = 0; y271 = 0; y272 = 0; y273 = 0; y274 = 0; y275 = 0; y276 = 0; y277 = 0; y278 = 0; y279 = 0; y280 = 0; y281 = 0; y282 = 0; y283 = 0; y284 = 0; y285 = 0; y286 = 0; y287 = 0; y288 = 0; y289 = 0; y290 = 0; y291 = 0; y292 = 0; y293 = 0; y294 = 0; y295 = 0; y296 = 0; y297 = 0; y298 = 0; y299 = 0; y300 = 0; y301 = 0; y302 = 0; y303 = 0; y304 = 0; y305 = 0; y306 = 0; y307 = 0; y308 = 0; y309 = 0; y310 = 0; y311 = 0; y312 = 0; y313 = 0; y314 = 0; y315 = 0; y316 = 0; y317 = 0; y318 = 0; y319 = 0; y320 = 0; y321 = 0; y322 = 0; y323 = 0; y324 = 0; y325 = 0; y326 = 0; y327 = 0; y328 = 0; y329 = 0; y330 = 0; y331 = 0; y332 = 0; y333 = 0; y334 = 0; y335 = 0; y336 = 0; y337 = 0; y338 = 0; y339 = 0; y340 = 0; y341 = 0; y342 = 0; y343 = 0; y344 = 0; y345 = 0; y346 = 0; y347 = 0; y348 = 0; y349 = 0; y350 = 0; y351 = 0; y352 = 0; y353 = 0; y354 = 0; y355 = 0; y356 = 0; y357 = 0; y358 = 0; y359 = 0; y360 = 0; y361 = 0; y362 = 0; y363 = 0; y364 = 0; y365 = 0; y366 = 0; y367 = 0; y368 = 0; y369 = 0; y370 = 0; y371 = 0; y372 = 0; y373 = 0; y374 = 0; y375 = 0; y376 = 0; y377 = 0; y378 = 0; y379 = 0; y380 = 0; y381 = 0; y382 = 0; y383 = 0; y384 = 0; y385 = 0; y386 = 0; y387 = 0; y388 = 0; y389 = 0; y390 = 0; y391 = 0; y392 = 0; y393 = 0; y394 = 0; y395 = 0; y396 = 0; y397 = 0; y398 = 0; y399 = 0; y400 = 0; y401 = 0; y402 = 0; y403 = 0; y404 = 0; y405 = 0; y406 = 0; y407 = 0; y408 = 0; y409 = 0; y410 = 0; y411 = 0; y412 = 0; y413 = 0; y414 = 0; y415 = 0; y416 = 0; y417 = 0; y418 = 0; y419 = 0; y420 = 0; y421 = 0; y422 = 0; y423 = 0; y424 = 0; y425 = 0; y426 = 0; y427 = 0; y428 = 0; y429 = 0; y430 = 0; y431 = 0; y432 = 0; y433 = 0; y434 = 0; y435 = 0; y436 = 0;


#Full depth 1 and Toffoli depth 0
y33 = y33+y65;  y34 = y34+y66;  y35 = y35+y67;  y36 = y36+y68;  y37 = y37+y69;  y38 = y38+y70;  y39 = y39+y71;  y40 = y40+y72;  y41 = y41+y73;  y42 = y42+y74;  y43 = y43+y75;  y44 = y44+y76;  y45 = y45+y77;  y46 = y46+y78;  y47 = y47+y79;  y48 = y48+y80;  y49 = y49+y81;  y50 = y50+y82;  y51 = y51+y83;  y52 = y52+y84;  y53 = y53+y85;  y54 = y54+y86;  y55 = y55+y87;  y56 = y56+y88;  y57 = y57+y89;  y58 = y58+y90;  y59 = y59+y91;  y60 = y60+y92;  y61 = y61+y93;  y62 = y62+y94;  y63 = y63+y95;  y64 = y64+y96;

#Full depth 2 and Toffoli depth 0
y33 = y33+y97;  y34 = y34+y98;  y35 = y35+y99;  y36 = y36+y100;  y37 = y37+y101;  y38 = y38+y102;  y39 = y39+y103;  y40 = y40+y104;  y41 = y41+y105;  y42 = y42+y106;  y43 = y43+y107;  y44 = y44+y108;  y45 = y45+y109;  y46 = y46+y110;  y47 = y47+y111;  y48 = y48+y112;  y49 = y49+y113;  y50 = y50+y114;  y51 = y51+y115;  y52 = y52+y116;  y53 = y53+y117;  y54 = y54+y118;  y55 = y55+y119;  y56 = y56+y120;  y57 = y57+y121;  y58 = y58+y122;  y59 = y59+y123;  y60 = y60+y124;  y61 = y61+y125;  y62 = y62+y126;  y63 = y63+y127;  y64 = y64+y128;

#Full depth 3 and Toffoli depth 0
y40 = y40+1;  y48 = y48+1;  y56 = y56+1;  y64 = y64+1;  y34 = y34+1;  y42 = y42+1;  y50 = y50+1;  y58 = y58+1;  y289 = y289+1;  y301 = y301+1;  y322 = y322+1;  y342 = y342+1;  y299 = y299+1;  y302 = y302+1;  y323 = y323+1;  y343 = y343+1;  y309 = y309+y38;  y303 = y303+y46;  y324 = y324+y54;  y344 = y344+y62;  y319 = y319+1;  y304 = y304+1;  y325 = y325+1;  y345 = y345+1;  y329 = y329+1;  y305 = y305+1;  y326 = y326+1;  y346 = y346+1;  y348 = y348+y39;  y306 = y306+y47;  y327 = y327+y55;  y347 = y347+y63;  y359 = y359+y37;  y307 = y307+y45;  y328 = y328+y53;  y349 = y349+y61;  y363 = y363+y36;  y308 = y308+y44;  y330 = y330+y52;  y350 = y350+y60;  y364 = y364+y35;  y310 = y310+y43;  y331 = y331+y51;  y351 = y351+y59;  y290 = y290+1;  y311 = y311+1;  y332 = y332+1;  y352 = y352+1;  y291 = y291+y33;  y312 = y312+y41;  y333 = y333+y49;  y353 = y353+y57;  y292 = y292+1;  y313 = y313+1;  y334 = y334+1;  y354 = y354+1;  y293 = y293+1;  y314 = y314+1;  y335 = y335+1;  y355 = y355+1;  y294 = y294+1;  y315 = y315+1;  y336 = y336+1;  y356 = y356+1;  y295 = y295+1;  y316 = y316+1;  y337 = y337+1;  y357 = y357+1;  y296 = y296+1;  y317 = y317+1;  y338 = y338+1;  y358 = y358+1;  y298 = y298+1;  y320 = y320+1;  y340 = y340+1;  y361 = y361+1;

#Full depth 4 and Toffoli depth 0
y289 = y289+y40;  y301 = y301+y48;  y322 = y322+y56;  y342 = y342+y64;  y299 = y299+y37;  y302 = y302+y45;  y323 = y323+y53;  y343 = y343+y61;  y309 = y309+y36;  y303 = y303+y44;  y324 = y324+y52;  y344 = y344+y60;  y319 = y319+y39;  y304 = y304+y47;  y325 = y325+y55;  y345 = y345+y63;  y329 = y329+y35;  y305 = y305+y43;  y326 = y326+y51;  y346 = y346+y59;  y348 = y348+y33;  y306 = y306+y41;  y327 = y327+y49;  y347 = y347+y57;  y359 = y359+y38;  y307 = y307+y46;  y328 = y328+y54;  y349 = y349+y62;  y364 = y364+1;  y310 = y310+1;  y331 = y331+1;  y351 = y351+1;  y290 = y290+y34;  y311 = y311+y42;  y332 = y332+y50;  y352 = y352+y58;

#Full depth 5 and Toffoli depth 0
y289 = y289+y37;  y301 = y301+y45;  y322 = y322+y53;  y342 = y342+y61;  y299 = y299+y40;  y302 = y302+y48;  y323 = y323+y56;  y343 = y343+y64;  y309 = y309+y34;  y303 = y303+y42;  y324 = y324+y50;  y344 = y344+y58;  y319 = y319+y35;  y304 = y304+y43;  y325 = y325+y51;  y345 = y345+y59;  y329 = y329+y39;  y305 = y305+y47;  y326 = y326+y55;  y346 = y346+y63;  y359 = y359+y36;  y307 = y307+y44;  y328 = y328+y52;  y349 = y349+y60;  y363 = y363+y33;  y308 = y308+y41;  y330 = y330+y49;  y350 = y350+y57;  y290 = y290+y38;  y311 = y311+y46;  y332 = y332+y54;  y352 = y352+y62;

#Full depth 6 and Toffoli depth 0
y289 = y289+y36;  y301 = y301+y44;  y322 = y322+y52;  y342 = y342+y60;  y299 = y299+y35;  y302 = y302+y43;  y323 = y323+y51;  y343 = y343+y59;  y309 = y309+y40;  y303 = y303+y48;  y324 = y324+y56;  y344 = y344+y64;  y319 = y319+y37;  y304 = y304+y45;  y325 = y325+y53;  y345 = y345+y61;  y359 = y359+1;  y307 = y307+1;  y328 = y328+1;  y349 = y349+1;  y364 = y364+y39;  y310 = y310+y47;  y331 = y331+y55;  y351 = y351+y63;  y291 = y291+y38;  y312 = y312+y46;  y333 = y333+y54;  y353 = y353+y62;  y292 = y292+y34;  y313 = y313+y42;  y334 = y334+y50;  y354 = y354+y58;  y293 = y293+y33;  y314 = y314+y41;  y335 = y335+y49;  y355 = y355+y57;

#Full depth 7 and Toffoli depth 0
y289 = y289+y33;  y301 = y301+y41;  y322 = y322+y49;  y342 = y342+y57;  y309 = y309+y37;  y303 = y303+y45;  y324 = y324+y53;  y344 = y344+y61;  y319 = y319+y40;  y304 = y304+y48;  y325 = y325+y56;  y345 = y345+y64;  y359 = y359+y35;  y307 = y307+y43;  y328 = y328+y51;  y349 = y349+y59;  y290 = y290+y39;  y311 = y311+y47;  y332 = y332+y55;  y352 = y352+y63;  y291 = y291+y36;  y312 = y312+y44;  y333 = y333+y52;  y353 = y353+y60;  y292 = y292+y38;  y313 = y313+y46;  y334 = y334+y54;  y354 = y354+y62;  y295 = y295+y34;  y316 = y316+y42;  y337 = y337+y50;  y357 = y357+y58;

#Full depth 8 and Toffoli depth 0
y309 = y309+y33;  y303 = y303+y41;  y324 = y324+y49;  y344 = y344+y57;  y348 = y348+y37;  y306 = y306+y45;  y327 = y327+y53;  y347 = y347+y61;  y363 = y363+y35;  y308 = y308+y43;  y330 = y330+y51;  y350 = y350+y59;  y364 = y364+y40;  y310 = y310+y48;  y331 = y331+y56;  y351 = y351+y64;  y294 = y294+y38;  y315 = y315+y46;  y336 = y336+y54;  y356 = y356+y62;  y295 = y295+y39;  y316 = y316+y47;  y337 = y337+y55;  y357 = y357+y63;  y296 = y296+y36;  y317 = y317+y44;  y338 = y338+y52;  y358 = y358+y60;  y298 = y298+y34;  y320 = y320+y42;  y340 = y340+y50;  y361 = y361+y58;

#Full depth 9 and Toffoli depth 0
y291 = y291+y40;  y312 = y312+y48;  y333 = y333+y56;  y353 = y353+y64;  y293 = y293+y37;  y314 = y314+y45;  y335 = y335+y53;  y355 = y355+y61;  y294 = y294+y36;  y315 = y315+y44;  y336 = y336+y52;  y356 = y356+y60;  y295 = y295+y35;  y316 = y316+y43;  y337 = y337+y51;  y357 = y357+y59;  y296 = y296+y39;  y317 = y317+y47;  y338 = y338+y55;  y358 = y358+y63;  y297 = y297+y38;  y318 = y318+y46;  y339 = y339+y54;  y360 = y360+y62;  y242 = y242+y34;  y279 = y279+y42;  y187 = y187+y50;  y219 = y219+y58;

#Full depth 10 and Toffoli depth 0
y293 = y293+y35;  y314 = y314+y43;  y335 = y335+y51;  y355 = y355+y59;  y294 = y294+y40;  y315 = y315+y48;  y336 = y336+y56;  y356 = y356+y64;  y295 = y295+y36;  y316 = y316+y44;  y337 = y337+y52;  y357 = y357+y60;  y296 = y296+y38;  y317 = y317+y46;  y338 = y338+y54;  y358 = y358+y62;  y297 = y297+y39;  y318 = y318+y47;  y339 = y339+y55;  y360 = y360+y63;  y298 = y298+y37;  y320 = y320+y45;  y340 = y340+y53;  y361 = y361+y61;  y300 = y300+y33;  y321 = y321+y41;  y341 = y341+y49;  y362 = y362+y57;

#Full depth 11 and Toffoli depth 0
y294 = y294+y35;  y315 = y315+y43;  y336 = y336+y51;  y356 = y356+y59;  y295 = y295+y38;  y316 = y316+y46;  y337 = y337+y54;  y357 = y357+y62;  y296 = y296+y33;  y317 = y317+y41;  y338 = y338+y49;  y358 = y358+y57;  y297 = y297+y40;  y318 = y318+y48;  y339 = y339+y56;  y360 = y360+y64;

#Full depth 12 and Toffoli depth 0
y294 = y294+y37;  y315 = y315+y45;  y336 = y336+y53;  y356 = y356+y61;  y295 = y295+y33;  y316 = y316+y41;  y337 = y337+y49;  y357 = y357+y57;  y296 = y296+y35;  y317 = y317+y43;  y338 = y338+y51;  y358 = y358+y59;  y297 = y297+y36;  y318 = y318+y44;  y339 = y339+y52;  y360 = y360+y60;  y300 = y300+y38;  y321 = y321+y46;  y341 = y341+y54;  y362 = y362+y62;

#Full depth 13 and Toffoli depth 0
y298 = y298+y35;  y320 = y320+y43;  y340 = y340+y51;  y361 = y361+y59;  y300 = y300+y37;  y321 = y321+y45;  y341 = y341+y53;  y362 = y362+y61;  y242 = y242+y297;  y279 = y279+y318;  y187 = y187+y339;  y219 = y219+y360;

#Full depth 14 and Toffoli depth 0
y300 = y300+y35;  y321 = y321+y43;  y341 = y341+y51;  y362 = y362+y59;

#Full depth 15 and Toffoli depth 1
y251 = y251+y359*y319;  y252 = y252+y307*y304;  y161 = y161+y328*y325;  y196 = y196+y349*y345;  y258 = y258+y295*y296;  y253 = y253+y316*y317;  y162 = y162+y337*y338;  y197 = y197+y357*y358;  y262 = y262+y348*y309;  y254 = y254+y306*y303;  y163 = y163+y327*y324;  y198 = y198+y347*y344;  y267 = y267+y293*y292;  y255 = y255+y314*y313;  y164 = y164+y335*y334;  y199 = y199+y355*y354;  y277 = y277+y291*y290;  y256 = y256+y312*y311;  y165 = y165+y333*y332;  y200 = y200+y353*y352;  y288 = y288+y294*y39;  y257 = y257+y315*y47;  y166 = y166+y336*y55;  y201 = y201+y356*y63;  y167 = y167+y40*y299;  y259 = y259+y48*y302;  y168 = y168+y56*y323;  y202 = y202+y64*y343;  y171 = y171+y364*y363;  y260 = y260+y310*y308;  y169 = y169+y331*y330;  y203 = y203+y351*y350;  y176 = y176+y329*y289;  y261 = y261+y305*y301;  y170 = y170+y326*y322;  y204 = y204+y346*y342;  y228 = y228+y298;  y263 = y263+y320;  y172 = y172+y340;  y205 = y205+y361;  y229 = y229+y297;  y264 = y264+y318;  y173 = y173+y339;  y206 = y206+y360;  y231 = y231+y300;  y266 = y266+y321;  y175 = y175+y341;  y208 = y208+y362;

#Full depth 16 and Toffoli depth 1
y228 = y228+y251;  y263 = y263+y252;  y172 = y172+y161;  y205 = y205+y196;  y229 = y229+y262;  y264 = y264+y254;  y173 = y173+y163;  y206 = y206+y198;  y230 = y230+y258;  y265 = y265+y253;  y174 = y174+y162;  y207 = y207+y197;  y231 = y231+y267;  y266 = y266+y255;  y175 = y175+y164;  y208 = y208+y199;  y235 = y235+y288;  y271 = y271+y257;  y180 = y180+y166;  y212 = y212+y201;  y237 = y237+y167;  y273 = y273+y259;  y182 = y182+y168;  y214 = y214+y202;  y242 = y242+y176;  y279 = y279+y261;  y187 = y187+y170;  y219 = y219+y204;

#Full depth 17 and Toffoli depth 1
y228 = y228+y262;  y263 = y263+y254;  y172 = y172+y163;  y205 = y205+y198;  y229 = y229+y251;  y264 = y264+y252;  y173 = y173+y161;  y206 = y206+y196;  y230 = y230+y167;  y265 = y265+y259;  y174 = y174+y168;  y207 = y207+y202;  y231 = y231+y258;  y266 = y266+y253;  y175 = y175+y162;  y208 = y208+y197;  y235 = y235+y267;  y271 = y271+y255;  y180 = y180+y164;  y212 = y212+y199;  y237 = y237+y288;  y273 = y273+y257;  y182 = y182+y166;  y214 = y214+y201;  y242 = y242+y171;  y279 = y279+y260;  y187 = y187+y169;  y219 = y219+y203;

#Full depth 18 and Toffoli depth 1
y228 = y228+y277;  y263 = y263+y256;  y172 = y172+y165;  y205 = y205+y200;  y229 = y229+y167;  y264 = y264+y259;  y173 = y173+y168;  y206 = y206+y202;  y230 = y230+y251;  y265 = y265+y252;  y174 = y174+y161;  y207 = y207+y196;  y231 = y231+y171;  y266 = y266+y260;  y175 = y175+y169;  y208 = y208+y203;  y235 = y235+y176;  y271 = y271+y261;  y180 = y180+y170;  y212 = y212+y204;  y237 = y237+y258;  y273 = y273+y253;  y182 = y182+y162;  y214 = y214+y197;  y242 = y242+y262;  y279 = y279+y254;  y187 = y187+y163;  y219 = y219+y198;

#Full depth 19 and Toffoli depth 1
y228 = y228+y288;  y263 = y263+y257;  y172 = y172+y166;  y205 = y205+y201;  y229 = y229+y176;  y264 = y264+y261;  y173 = y173+y170;  y206 = y206+y204;  y230 = y230+y171;  y265 = y265+y260;  y174 = y174+y169;  y207 = y207+y203;  y231 = y231+y251;  y266 = y266+y252;  y175 = y175+y161;  y208 = y208+y196;  y235 = y235+y262;  y271 = y271+y254;  y180 = y180+y163;  y212 = y212+y198;  y237 = y237+y267;  y273 = y273+y255;  y182 = y182+y164;  y214 = y214+y199;  y242 = y242+y258;  y279 = y279+y253;  y187 = y187+y162;  y219 = y219+y197;

#Full depth 20 and Toffoli depth 1
y228 = y228+y167;  y263 = y263+y259;  y172 = y172+y168;  y205 = y205+y202;  y230 = y230+y34;  y265 = y265+y42;  y174 = y174+y50;  y207 = y207+y58;  y231 = y231+y277;  y266 = y266+y256;  y175 = y175+y165;  y208 = y208+y200;  y233 = y233+y229;  y269 = y269+y264;  y178 = y178+y173;  y210 = y210+y206;  y235 = y235+y300;  y271 = y271+y321;  y180 = y180+y341;  y212 = y212+y362;  y237 = y237+y262;  y273 = y273+y254;  y182 = y182+y163;  y214 = y214+y198;

#Full depth 21 and Toffoli depth 1
y228 = y228+y171;  y263 = y263+y260;  y172 = y172+y169;  y205 = y205+y203;  y231 = y231+y176;  y266 = y266+y261;  y175 = y175+y170;  y208 = y208+y204;  y235 = y235+y167;  y271 = y271+y259;  y180 = y180+y168;  y212 = y212+y202;  y236 = y236+y229;  y272 = y272+y264;  y181 = y181+y173;  y213 = y213+y206;  y237 = y237+y300;  y273 = y273+y321;  y182 = y182+y341;  y214 = y214+y362;

#Full depth 22 and Toffoli depth 2
y231 = y231+y298;  y266 = y266+y320;  y175 = y175+y340;  y208 = y208+y361;  y235 = y235+y258;  y271 = y271+y253;  y180 = y180+y162;  y212 = y212+y197;  y237 = y237+y176;  y273 = y273+y261;  y182 = y182+y170;  y214 = y214+y204;  y232 = y232+y228*y230;  y268 = y268+y263*y265;  y177 = y177+y172*y174;  y209 = y209+y205*y207;

#Full depth 23 and Toffoli depth 2
y239 = y239+y229;  y275 = y275+y264;  y184 = y184+y173;  y216 = y216+y206;  y237 = y237+y232;  y273 = y273+y268;  y182 = y182+y177;  y214 = y214+y209;  y236 = y236+y230;  y272 = y272+y265;  y181 = y181+y174;  y213 = y213+y207;  y245 = y245+y231;  y282 = y282+y266;  y190 = y190+y175;  y222 = y222+y208;

#Full depth 24 and Toffoli depth 2
y233 = y233+y232;  y269 = y269+y268;  y178 = y178+y177;  y210 = y210+y209;

#Full depth 25 and Toffoli depth 3
y234 = y234+y231*y233;  y270 = y270+y266*y269;  y179 = y179+y175*y178;  y211 = y211+y208*y210;  y238 = y238+y236*y237;  y274 = y274+y272*y273;  y183 = y183+y181*y182;  y215 = y215+y213*y214;  y240 = y240+y232;  y276 = y276+y268;  y185 = y185+y177;  y217 = y217+y209;

#Full depth 26 and Toffoli depth 3
y235 = y235+y234;  y271 = y271+y270;  y180 = y180+y179;  y212 = y212+y211;  y239 = y239+y238;  y275 = y275+y274;  y184 = y184+y183;  y216 = y216+y215;  y243 = y243+y233;  y280 = y280+y269;  y188 = y188+y178;  y220 = y220+y210;

#Full depth 27 and Toffoli depth 3
y240 = y240+y238;  y276 = y276+y274;  y185 = y185+y183;  y217 = y217+y215;  y246 = y246+y239;  y283 = y283+y275;  y191 = y191+y184;  y223 = y223+y216;  y247 = y247+y235;  y284 = y284+y271;  y192 = y192+y180;  y224 = y224+y212;

#Full depth 28 and Toffoli depth 4
y241 = y241+y229*y240;  y278 = y278+y264*y276;  y186 = y186+y173*y185;  y218 = y218+y206*y217;  y242 = y242+y238;  y279 = y279+y274;  y187 = y187+y183;  y219 = y219+y215;  y247 = y247+y239;  y284 = y284+y275;  y192 = y192+y184;  y224 = y224+y216;  y250 = y250+y235;  y287 = y287+y271;  y195 = y195+y180;  y227 = y227+y212;

#Full depth 29 and Toffoli depth 4
y242 = y242+y241;  y279 = y279+y278;  y187 = y187+y186;  y219 = y219+y218;  y249 = y249+y247;  y286 = y286+y284;  y194 = y194+y192;  y226 = y226+y224;

#Full depth 30 and Toffoli depth 4
y243 = y243+y241;  y280 = y280+y278;  y188 = y188+y186;  y220 = y220+y218;  y246 = y246+y242;  y283 = y283+y279;  y191 = y191+y187;  y223 = y223+y219;

#Full depth 31 and Toffoli depth 5
y244 = y244+y235*y243;  y281 = y281+y271*y280;  y189 = y189+y180*y188;  y221 = y221+y212*y220;  y248 = y248+y242;  y285 = y285+y279;  y193 = y193+y187;  y225 = y225+y219;

#Full depth 32 and Toffoli depth 5
y245 = y245+y244;  y282 = y282+y281;  y190 = y190+y189;  y222 = y222+y221;

#Full depth 33 and Toffoli depth 5
y248 = y248+y245;  y285 = y285+y282;  y193 = y193+y190;  y225 = y225+y222;

#Full depth 34 and Toffoli depth 5
y249 = y249+y248;  y286 = y286+y285;  y194 = y194+y193;  y226 = y226+y225;  y250 = y250+y245;  y287 = y287+y282;  y195 = y195+y190;  y227 = y227+y222;

#Full depth 35 and Toffoli depth 6
y367 = y367+y235*y299;  y386 = y386+y271*y302;  y406 = y406+y180*y323;  y426 = y426+y212*y343;  y373 = y373+y239*y319;  y393 = y393+y275*y304;  y413 = y413+y184*y325;  y433 = y433+y216*y345;  y371 = y371+y242*y309;  y391 = y391+y279*y303;  y411 = y411+y187*y324;  y430 = y430+y219*y344;  y436 = y436+y245*y289;  y384 = y384+y282*y301;  y404 = y404+y190*y322;  y424 = y424+y222*y342;  y434 = y434+y246*y296;  y382 = y382+y283*y317;  y402 = y402+y191*y338;  y422 = y422+y223*y358;  y368 = y368+y247*y39;  y388 = y388+y284*y47;  y407 = y407+y192*y55;  y427 = y427+y224*y63;  y369 = y369+y248*y292;  y389 = y389+y285*y313;  y408 = y408+y193*y334;  y428 = y428+y225*y354;  y420 = y420+y249*y291;  y380 = y380+y286*y312;  y400 = y400+y194*y333;  y419 = y419+y226*y353;  y366 = y366+y250*y363;  y385 = y385+y287*y308;  y405 = y405+y195*y330;  y425 = y425+y227*y350;

#Full depth 36 and Toffoli depth 7
y387 = y387+y235*y40;  y377 = y377+y271*y48;  y396 = y396+y180*y56;  y416 = y416+y212*y64;  y435 = y435+y239*y359;  y383 = y383+y275*y307;  y403 = y403+y184*y328;  y423 = y423+y216*y349;  y431 = y431+y242*y348;  y381 = y381+y279*y306;  y401 = y401+y187*y327;  y421 = y421+y219*y347;  y365 = y365+y245*y329;  y374 = y374+y282*y305;  y394 = y394+y190*y326;  y414 = y414+y222*y346;  y372 = y372+y246*y295;  y392 = y392+y283*y316;  y412 = y412+y191*y337;  y432 = y432+y223*y357;  y398 = y398+y247*y294;  y378 = y378+y284*y315;  y397 = y397+y192*y336;  y417 = y417+y224*y356;  y409 = y409+y248*y293;  y379 = y379+y285*y314;  y399 = y399+y193*y335;  y418 = y418+y225*y355;  y370 = y370+y249*y290;  y390 = y390+y286*y311;  y410 = y410+y194*y332;  y429 = y429+y226*y352;  y376 = y376+y250*y364;  y375 = y375+y287*y310;  y395 = y395+y195*y331;  y415 = y415+y227*y351;

#Full depth 37 and Toffoli depth 7
y140 = y140+y420;  y160 = y160+y380;  y137 = y137+y400;  y146 = y146+y419;  y129 = y129+y436;  y159 = y159+y384;  y136 = y136+y404;  y145 = y145+y424;  y151 = y151+y366;  y130 = y130+y385;  y138 = y138+y405;  y147 = y147+y425;  y154 = y154+y368;  y131 = y131+y388;  y139 = y139+y407;  y148 = y148+y427;  y155 = y155+y371;  y132 = y132+y391;  y141 = y141+y411;  y149 = y149+y430;  y156 = y156+y434;  y133 = y133+y382;  y142 = y142+y402;  y150 = y150+y422;  y157 = y157+y372;  y134 = y134+y392;  y143 = y143+y412;  y152 = y152+y432;  y158 = y158+y369;  y135 = y135+y389;  y144 = y144+y408;  y153 = y153+y428;

#Full depth 38 and Toffoli depth 7
y140 = y140+y376;  y160 = y160+y375;  y137 = y137+y395;  y146 = y146+y415;  y129 = y129+y372;  y159 = y159+y392;  y136 = y136+y412;  y145 = y145+y432;  y151 = y151+y369;  y130 = y130+y389;  y138 = y138+y408;  y147 = y147+y428;  y154 = y154+y373;  y131 = y131+y393;  y139 = y139+y413;  y148 = y148+y433;  y155 = y155+y368;  y132 = y132+y388;  y141 = y141+y407;  y149 = y149+y427;  y156 = y156+y367;  y133 = y133+y386;  y142 = y142+y406;  y150 = y150+y426;  y157 = y157+y371;  y134 = y134+y391;  y143 = y143+y411;  y152 = y152+y430;  y158 = y158+y434;  y135 = y135+y382;  y144 = y144+y402;  y153 = y153+y422;

#Full depth 39 and Toffoli depth 7
y140 = y140+y387;  y160 = y160+y377;  y137 = y137+y396;  y146 = y146+y416;  y129 = y129+y371;  y159 = y159+y391;  y136 = y136+y411;  y145 = y145+y430;  y151 = y151+y368;  y130 = y130+y388;  y138 = y138+y407;  y147 = y147+y427;  y154 = y154+y372;  y131 = y131+y392;  y139 = y139+y412;  y148 = y148+y432;  y155 = y155+y370;  y132 = y132+y390;  y141 = y141+y410;  y149 = y149+y429;  y156 = y156+y369;  y133 = y133+y389;  y142 = y142+y408;  y150 = y150+y428;  y157 = y157+y367;  y134 = y134+y386;  y143 = y143+y406;  y152 = y152+y426;  y158 = y158+y373;  y135 = y135+y393;  y144 = y144+y413;  y153 = y153+y433;

#Full depth 40 and Toffoli depth 7
y140 = y140+y398;  y160 = y160+y378;  y137 = y137+y397;  y146 = y146+y417;  y129 = y129+y366;  y159 = y159+y385;  y136 = y136+y405;  y145 = y145+y425;  y151 = y151+y367;  y130 = y130+y386;  y138 = y138+y406;  y147 = y147+y426;  y154 = y154+y369;  y131 = y131+y389;  y139 = y139+y408;  y148 = y148+y428;  y155 = y155+y372;  y132 = y132+y392;  y141 = y141+y412;  y149 = y149+y432;  y156 = y156+y368;  y133 = y133+y388;  y142 = y142+y407;  y150 = y150+y427;  y157 = y157+y370;  y134 = y134+y390;  y143 = y143+y410;  y152 = y152+y429;  y158 = y158+y431;  y135 = y135+y381;  y144 = y144+y401;  y153 = y153+y421;

#Full depth 41 and Toffoli depth 7
y140 = y140+y431;  y160 = y160+y381;  y137 = y137+y401;  y146 = y146+y421;  y151 = y151+y435;  y130 = y130+y383;  y138 = y138+y403;  y147 = y147+y423;  y154 = y154+y409;  y131 = y131+y379;  y139 = y139+y399;  y148 = y148+y418;  y156 = y156+y366;  y133 = y133+y385;  y142 = y142+y405;  y150 = y150+y425;  y157 = y157+y369;  y134 = y134+y389;  y143 = y143+y408;  y152 = y152+y428;  y158 = y158+y372;  y135 = y135+y392;  y144 = y144+y412;  y153 = y153+y432;

#Full depth 42 and Toffoli depth 7
y140 = y140+y435;  y160 = y160+y383;  y137 = y137+y403;  y146 = y146+y423;  y151 = y151+y434;  y130 = y130+y382;  y138 = y138+y402;  y147 = y147+y422;  y154 = y154+y398;  y131 = y131+y378;  y139 = y139+y397;  y148 = y148+y417;  y156 = y156+y431;  y133 = y133+y381;  y142 = y142+y401;  y150 = y150+y421;  y157 = y157+y366;  y134 = y134+y385;  y143 = y143+y405;  y152 = y152+y425;  y158 = y158+y409;  y135 = y135+y379;  y144 = y144+y399;  y153 = y153+y418;

#Full depth 43 and Toffoli depth 7
y140 = y140+y366;  y160 = y160+y385;  y137 = y137+y405;  y146 = y146+y425;  y151 = y151+y409;  y130 = y130+y379;  y138 = y138+y399;  y147 = y147+y418;  y154 = y154+y387;  y131 = y131+y377;  y139 = y139+y396;  y148 = y148+y416;  y156 = y156+y376;  y133 = y133+y375;  y142 = y142+y395;  y150 = y150+y415;  y157 = y157+y398;  y134 = y134+y378;  y143 = y143+y397;  y152 = y152+y417;  y158 = y158+y368;  y135 = y135+y388;  y144 = y144+y407;  y153 = y153+y427;

#Full depth 44 and Toffoli depth 7
y140 = y140+y367;  y160 = y160+y386;  y137 = y137+y406;  y146 = y146+y426;  y151 = y151+y398;  y130 = y130+y378;  y138 = y138+y397;  y147 = y147+y417;  y154 = y154+y376;  y131 = y131+y375;  y139 = y139+y395;  y148 = y148+y415;  y156 = y156+y365;  y133 = y133+y374;  y142 = y142+y394;  y150 = y150+y414;  y157 = y157+y409;  y134 = y134+y379;  y143 = y143+y399;  y152 = y152+y418;  y158 = y158+y387;  y135 = y135+y377;  y144 = y144+y396;  y153 = y153+y416;

#Full depth 45 and Toffoli depth 7
y140 = y140+y369;  y160 = y160+y389;  y137 = y137+y408;  y146 = y146+y428;  y157 = y157+y387;  y134 = y134+y377;  y143 = y143+y396;  y152 = y152+y416;  y158 = y158+y398;  y135 = y135+y378;  y144 = y144+y397;  y153 = y153+y417;

#Full depth 46 and Toffoli depth 7
y140 = y140+y370;  y160 = y160+y390;  y137 = y137+y410;  y146 = y146+y429;  y157 = y157+y376;  y134 = y134+y375;  y143 = y143+y395;  y152 = y152+y415;  y158 = y158+y365;  y135 = y135+y374;  y144 = y144+y394;  y153 = y153+y414;

#Full depth 47 and Toffoli depth 7
y140 = y140+y371;  y160 = y160+y391;  y137 = y137+y411;  y146 = y146+y430;

#Full depth 48 and Toffoli depth 7
y140 = y140+y372;  y160 = y160+y392;  y137 = y137+y412;  y146 = y146+y432;

#Full depth 49 and Toffoli depth 7
y129 = y129+1;  y159 = y159+1;  y136 = y136+1;  y145 = y145+1;  y140 = y140+1;  y160 = y160+1;  y137 = y137+1;  y146 = y146+1;  y154 = y154+1;  y131 = y131+1;  y139 = y139+1;  y148 = y148+1;  y157 = y157+1;  y134 = y134+1;  y143 = y143+1;  y152 = y152+1;  y158 = y158+1;  y135 = y135+1;  y144 = y144+1;  y153 = y153+1;

#Full depth 50 and Toffoli depth 7
y1 = y1+y129;  y2 = y2+y140;  y3 = y3+y151;  y4 = y4+y154;  y5 = y5+y155;  y6 = y6+y156;  y7 = y7+y157;  y8 = y8+y158;  y9 = y9+y159;  y10 = y10+y160;  y11 = y11+y130;  y12 = y12+y131;  y13 = y13+y132;  y14 = y14+y133;  y15 = y15+y134;  y16 = y16+y135;  y17 = y17+y136;  y18 = y18+y137;  y19 = y19+y138;  y20 = y20+y139;  y21 = y21+y141;  y22 = y22+y142;  y23 = y23+y143;  y24 = y24+y144;  y25 = y25+y145;  y26 = y26+y146;  y27 = y27+y147;  y28 = y28+y148;  y29 = y29+y149;  y30 = y30+y150;  y31 = y31+y152;  y32 = y32+y153;

#Full depth 51 and Toffoli depth 7
y1 = y1+y151;  y2 = y2+y154;  y3 = y3+y155;  y4 = y4+y156;  y5 = y5+y157;  y6 = y6+y158;  y7 = y7+y159;  y8 = y8+y160;  y9 = y9+y130;  y10 = y10+y131;  y11 = y11+y132;  y12 = y12+y133;  y13 = y13+y134;  y14 = y14+y135;  y15 = y15+y136;  y16 = y16+y137;  y17 = y17+y138;  y18 = y18+y139;  y19 = y19+y141;  y20 = y20+y142;  y21 = y21+y143;  y22 = y22+y144;  y23 = y23+y145;  y24 = y24+y146;  y25 = y25+y147;  y26 = y26+y148;  y27 = y27+y149;  y28 = y28+y150;  y29 = y29+y152;  y30 = y30+y153;  y31 = y31+y129;  y32 = y32+y140;

#Full depth 52 and Toffoli depth 7
y1 = y1+y130;  y2 = y2+y131;  y3 = y3+y132;  y4 = y4+y133;  y5 = y5+y134;  y6 = y6+y135;  y7 = y7+y136;  y8 = y8+y137;  y9 = y9+y138;  y10 = y10+y139;  y11 = y11+y141;  y12 = y12+y142;  y13 = y13+y143;  y14 = y14+y144;  y15 = y15+y145;  y16 = y16+y146;  y17 = y17+y147;  y18 = y18+y148;  y19 = y19+y149;  y20 = y20+y150;  y21 = y21+y152;  y22 = y22+y153;  y23 = y23+y129;  y24 = y24+y140;  y25 = y25+y151;  y26 = y26+y154;  y27 = y27+y155;  y28 = y28+y156;  y29 = y29+y157;  y30 = y30+y158;  y31 = y31+y159;  y32 = y32+y160;

#Full depth 53 and Toffoli depth 7
y1 = y1+y134;  y2 = y2+y135;  y3 = y3+y136;  y4 = y4+y137;  y5 = y5+y138;  y6 = y6+y139;  y7 = y7+y141;  y8 = y8+y142;  y9 = y9+y143;  y10 = y10+y144;  y11 = y11+y145;  y12 = y12+y146;  y13 = y13+y147;  y14 = y14+y148;  y15 = y15+y149;  y16 = y16+y150;  y17 = y17+y152;  y18 = y18+y153;  y19 = y19+y129;  y20 = y20+y140;  y21 = y21+y151;  y22 = y22+y154;  y23 = y23+y155;  y24 = y24+y156;  y25 = y25+y157;  y26 = y26+y158;  y27 = y27+y159;  y28 = y28+y160;  y29 = y29+y130;  y30 = y30+y131;  y31 = y31+y132;  y32 = y32+y133;

#Full depth 54 and Toffoli depth 7
y1 = y1+y138;  y2 = y2+y139;  y3 = y3+y141;  y4 = y4+y142;  y5 = y5+y143;  y6 = y6+y144;  y7 = y7+y145;  y8 = y8+y146;  y9 = y9+y147;  y10 = y10+y148;  y11 = y11+y149;  y12 = y12+y150;  y13 = y13+y152;  y14 = y14+y153;  y15 = y15+y129;  y16 = y16+y140;  y17 = y17+y151;  y18 = y18+y154;  y19 = y19+y155;  y20 = y20+y156;  y21 = y21+y157;  y22 = y22+y158;  y23 = y23+y159;  y24 = y24+y160;  y25 = y25+y130;  y26 = y26+y131;  y27 = y27+y132;  y28 = y28+y133;  y29 = y29+y134;  y30 = y30+y135;  y31 = y31+y136;  y32 = y32+y137;

#Full depth 55 and Toffoli depth 7
y1 = y1+y145;  y2 = y2+y146;  y3 = y3+y147;  y4 = y4+y148;  y5 = y5+y149;  y6 = y6+y150;  y7 = y7+y152;  y8 = y8+y153;  y9 = y9+y129;  y10 = y10+y140;  y11 = y11+y151;  y12 = y12+y154;  y13 = y13+y155;  y14 = y14+y156;  y15 = y15+y157;  y16 = y16+y158;  y17 = y17+y159;  y18 = y18+y160;  y19 = y19+y130;  y20 = y20+y131;  y21 = y21+y132;  y22 = y22+y133;  y23 = y23+y134;  y24 = y24+y135;  y25 = y25+y136;  y26 = y26+y137;  y27 = y27+y138;  y28 = y28+y139;  y29 = y29+y141;  y30 = y30+y142;  y31 = y31+y143;  y32 = y32+y144;

#Full depth 56 and Toffoli depth 7
y1 = y1+y150;  y2 = y2+y152;  y3 = y3+y153;  y4 = y4+y129;  y5 = y5+y140;  y6 = y6+y151;  y7 = y7+y154;  y8 = y8+y155;  y9 = y9+y156;  y10 = y10+y157;  y11 = y11+y158;  y12 = y12+y159;  y13 = y13+y160;  y14 = y14+y130;  y15 = y15+y131;  y16 = y16+y132;  y17 = y17+y133;  y18 = y18+y134;  y19 = y19+y135;  y20 = y20+y136;  y21 = y21+y137;  y22 = y22+y138;  y23 = y23+y139;  y24 = y24+y141;  y25 = y25+y142;  y26 = y26+y143;  y27 = y27+y144;  y28 = y28+y145;  y29 = y29+y146;  y30 = y30+y147;  y31 = y31+y148;  y32 = y32+y149;

#Full depth 57 and Toffoli depth 7
y153 = y153+1;  y144 = y144+1;  y135 = y135+1;  y158 = y158+1;  y152 = y152+1;  y143 = y143+1;  y134 = y134+1;  y157 = y157+1;  y148 = y148+1;  y139 = y139+1;  y131 = y131+1;  y154 = y154+1;  y146 = y146+1;  y137 = y137+1;  y160 = y160+1;  y140 = y140+1;  y145 = y145+1;  y136 = y136+1;  y159 = y159+1;  y129 = y129+1;

#Full depth 58 and Toffoli depth 7
y146 = y146+y432;  y137 = y137+y412;  y160 = y160+y392;  y140 = y140+y372;

#Full depth 59 and Toffoli depth 7
y146 = y146+y430;  y137 = y137+y411;  y160 = y160+y391;  y140 = y140+y371;

#Full depth 60 and Toffoli depth 7
y153 = y153+y414;  y144 = y144+y394;  y135 = y135+y374;  y158 = y158+y365;  y152 = y152+y415;  y143 = y143+y395;  y134 = y134+y375;  y157 = y157+y376;  y146 = y146+y429;  y137 = y137+y410;  y160 = y160+y390;  y140 = y140+y370;

#Full depth 61 and Toffoli depth 7
y153 = y153+y417;  y144 = y144+y397;  y135 = y135+y378;  y158 = y158+y398;  y152 = y152+y416;  y143 = y143+y396;  y134 = y134+y377;  y157 = y157+y387;  y146 = y146+y428;  y137 = y137+y408;  y160 = y160+y389;  y140 = y140+y369;

#Full depth 62 and Toffoli depth 7
y153 = y153+y416;  y144 = y144+y396;  y135 = y135+y377;  y158 = y158+y387;  y152 = y152+y418;  y143 = y143+y399;  y134 = y134+y379;  y157 = y157+y409;  y150 = y150+y414;  y142 = y142+y394;  y133 = y133+y374;  y156 = y156+y365;  y148 = y148+y415;  y139 = y139+y395;  y131 = y131+y375;  y154 = y154+y376;  y147 = y147+y417;  y138 = y138+y397;  y130 = y130+y378;  y151 = y151+y398;  y146 = y146+y426;  y137 = y137+y406;  y160 = y160+y386;  y140 = y140+y367;

#Full depth 63 and Toffoli depth 7
y153 = y153+y427;  y144 = y144+y407;  y135 = y135+y388;  y158 = y158+y368;  y152 = y152+y417;  y143 = y143+y397;  y134 = y134+y378;  y157 = y157+y398;  y150 = y150+y415;  y142 = y142+y395;  y133 = y133+y375;  y156 = y156+y376;  y148 = y148+y416;  y139 = y139+y396;  y131 = y131+y377;  y154 = y154+y387;  y147 = y147+y418;  y138 = y138+y399;  y130 = y130+y379;  y151 = y151+y409;  y146 = y146+y425;  y137 = y137+y405;  y160 = y160+y385;  y140 = y140+y366;

#Full depth 64 and Toffoli depth 7
y153 = y153+y418;  y144 = y144+y399;  y135 = y135+y379;  y158 = y158+y409;  y152 = y152+y425;  y143 = y143+y405;  y134 = y134+y385;  y157 = y157+y366;  y150 = y150+y421;  y142 = y142+y401;  y133 = y133+y381;  y156 = y156+y431;  y148 = y148+y417;  y139 = y139+y397;  y131 = y131+y378;  y154 = y154+y398;  y147 = y147+y422;  y138 = y138+y402;  y130 = y130+y382;  y151 = y151+y434;  y146 = y146+y423;  y137 = y137+y403;  y160 = y160+y383;  y140 = y140+y435;

#Full depth 65 and Toffoli depth 7
y153 = y153+y432;  y144 = y144+y412;  y135 = y135+y392;  y158 = y158+y372;  y152 = y152+y428;  y143 = y143+y408;  y134 = y134+y389;  y157 = y157+y369;  y150 = y150+y425;  y142 = y142+y405;  y133 = y133+y385;  y156 = y156+y366;  y148 = y148+y418;  y139 = y139+y399;  y131 = y131+y379;  y154 = y154+y409;  y147 = y147+y423;  y138 = y138+y403;  y130 = y130+y383;  y151 = y151+y435;  y146 = y146+y421;  y137 = y137+y401;  y160 = y160+y381;  y140 = y140+y431;

#Full depth 66 and Toffoli depth 7
y153 = y153+y421;  y144 = y144+y401;  y135 = y135+y381;  y158 = y158+y431;  y152 = y152+y429;  y143 = y143+y410;  y134 = y134+y390;  y157 = y157+y370;  y150 = y150+y427;  y142 = y142+y407;  y133 = y133+y388;  y156 = y156+y368;  y149 = y149+y432;  y141 = y141+y412;  y132 = y132+y392;  y155 = y155+y372;  y148 = y148+y428;  y139 = y139+y408;  y131 = y131+y389;  y154 = y154+y369;  y147 = y147+y426;  y138 = y138+y406;  y130 = y130+y386;  y151 = y151+y367;  y145 = y145+y425;  y136 = y136+y405;  y159 = y159+y385;  y129 = y129+y366;  y146 = y146+y417;  y137 = y137+y397;  y160 = y160+y378;  y140 = y140+y398;

#Full depth 67 and Toffoli depth 7
y153 = y153+y433;  y144 = y144+y413;  y135 = y135+y393;  y158 = y158+y373;  y152 = y152+y426;  y143 = y143+y406;  y134 = y134+y386;  y157 = y157+y367;  y150 = y150+y428;  y142 = y142+y408;  y133 = y133+y389;  y156 = y156+y369;  y149 = y149+y429;  y141 = y141+y410;  y132 = y132+y390;  y155 = y155+y370;  y148 = y148+y432;  y139 = y139+y412;  y131 = y131+y392;  y154 = y154+y372;  y147 = y147+y427;  y138 = y138+y407;  y130 = y130+y388;  y151 = y151+y368;  y145 = y145+y430;  y136 = y136+y411;  y159 = y159+y391;  y129 = y129+y371;  y146 = y146+y416;  y137 = y137+y396;  y160 = y160+y377;  y140 = y140+y387;

#Full depth 68 and Toffoli depth 7
y153 = y153+y422;  y144 = y144+y402;  y135 = y135+y382;  y158 = y158+y434;  y152 = y152+y430;  y143 = y143+y411;  y134 = y134+y391;  y157 = y157+y371;  y150 = y150+y426;  y142 = y142+y406;  y133 = y133+y386;  y156 = y156+y367;  y149 = y149+y427;  y141 = y141+y407;  y132 = y132+y388;  y155 = y155+y368;  y148 = y148+y433;  y139 = y139+y413;  y131 = y131+y393;  y154 = y154+y373;  y147 = y147+y428;  y138 = y138+y408;  y130 = y130+y389;  y151 = y151+y369;  y145 = y145+y432;  y136 = y136+y412;  y159 = y159+y392;  y129 = y129+y372;  y146 = y146+y415;  y137 = y137+y395;  y160 = y160+y375;  y140 = y140+y376;

#Full depth 69 and Toffoli depth 7
y153 = y153+y428;  y144 = y144+y408;  y135 = y135+y389;  y158 = y158+y369;  y152 = y152+y432;  y143 = y143+y412;  y134 = y134+y392;  y157 = y157+y372;  y150 = y150+y422;  y142 = y142+y402;  y133 = y133+y382;  y156 = y156+y434;  y149 = y149+y430;  y141 = y141+y411;  y132 = y132+y391;  y155 = y155+y371;  y148 = y148+y427;  y139 = y139+y407;  y131 = y131+y388;  y154 = y154+y368;  y147 = y147+y425;  y138 = y138+y405;  y130 = y130+y385;  y151 = y151+y366;  y145 = y145+y424;  y136 = y136+y404;  y159 = y159+y384;  y129 = y129+y436;  y146 = y146+y419;  y137 = y137+y400;  y160 = y160+y380;  y140 = y140+y420;

#Full depth 70 and Toffoli depth 8
y415 = y415+y227*y351;  y395 = y395+y195*y331;  y375 = y375+y287*y310;  y376 = y376+y250*y364;  y429 = y429+y226*y352;  y410 = y410+y194*y332;  y390 = y390+y286*y311;  y370 = y370+y249*y290;  y418 = y418+y225*y355;  y399 = y399+y193*y335;  y379 = y379+y285*y314;  y409 = y409+y248*y293;  y417 = y417+y224*y356;  y397 = y397+y192*y336;  y378 = y378+y284*y315;  y398 = y398+y247*y294;  y432 = y432+y223*y357;  y412 = y412+y191*y337;  y392 = y392+y283*y316;  y372 = y372+y246*y295;  y414 = y414+y222*y346;  y394 = y394+y190*y326;  y374 = y374+y282*y305;  y365 = y365+y245*y329;  y421 = y421+y219*y347;  y401 = y401+y187*y327;  y381 = y381+y279*y306;  y431 = y431+y242*y348;  y423 = y423+y216*y349;  y403 = y403+y184*y328;  y383 = y383+y275*y307;  y435 = y435+y239*y359;  y416 = y416+y212*y64;  y396 = y396+y180*y56;  y377 = y377+y271*y48;  y387 = y387+y235*y40;

#Full depth 71 and Toffoli depth 9
y425 = y425+y227*y350;  y405 = y405+y195*y330;  y385 = y385+y287*y308;  y366 = y366+y250*y363;  y419 = y419+y226*y353;  y400 = y400+y194*y333;  y380 = y380+y286*y312;  y420 = y420+y249*y291;  y428 = y428+y225*y354;  y408 = y408+y193*y334;  y389 = y389+y285*y313;  y369 = y369+y248*y292;  y427 = y427+y224*y63;  y407 = y407+y192*y55;  y388 = y388+y284*y47;  y368 = y368+y247*y39;  y422 = y422+y223*y358;  y402 = y402+y191*y338;  y382 = y382+y283*y317;  y434 = y434+y246*y296;  y424 = y424+y222*y342;  y404 = y404+y190*y322;  y384 = y384+y282*y301;  y436 = y436+y245*y289;  y430 = y430+y219*y344;  y411 = y411+y187*y324;  y391 = y391+y279*y303;  y371 = y371+y242*y309;  y433 = y433+y216*y345;  y413 = y413+y184*y325;  y393 = y393+y275*y304;  y373 = y373+y239*y319;  y426 = y426+y212*y343;  y406 = y406+y180*y323;  y386 = y386+y271*y302;  y367 = y367+y235*y299;

#Full depth 72 and Toffoli depth 9
y227 = y227+y222;  y195 = y195+y190;  y287 = y287+y282;  y250 = y250+y245;  y226 = y226+y225;  y194 = y194+y193;  y286 = y286+y285;  y249 = y249+y248;

#Full depth 73 and Toffoli depth 9
y225 = y225+y222;  y193 = y193+y190;  y285 = y285+y282;  y248 = y248+y245;

#Full depth 74 and Toffoli depth 9
y222 = y222+y221;  y190 = y190+y189;  y282 = y282+y281;  y245 = y245+y244;

#Full depth 75 and Toffoli depth 10
y225 = y225+y219;  y193 = y193+y187;  y285 = y285+y279;  y248 = y248+y242;  y221 = y221+y212*y220;  y189 = y189+y180*y188;  y281 = y281+y271*y280;  y244 = y244+y235*y243;

#Full depth 76 and Toffoli depth 10
y223 = y223+y219;  y191 = y191+y187;  y283 = y283+y279;  y246 = y246+y242;  y220 = y220+y218;  y188 = y188+y186;  y280 = y280+y278;  y243 = y243+y241;

#Full depth 77 and Toffoli depth 10
y226 = y226+y224;  y194 = y194+y192;  y286 = y286+y284;  y249 = y249+y247;  y219 = y219+y218;  y187 = y187+y186;  y279 = y279+y278;  y242 = y242+y241;

#Full depth 78 and Toffoli depth 11
y227 = y227+y212;  y195 = y195+y180;  y287 = y287+y271;  y250 = y250+y235;  y224 = y224+y216;  y192 = y192+y184;  y284 = y284+y275;  y247 = y247+y239;  y219 = y219+y215;  y187 = y187+y183;  y279 = y279+y274;  y242 = y242+y238;  y218 = y218+y206*y217;  y186 = y186+y173*y185;  y278 = y278+y264*y276;  y241 = y241+y229*y240;

#Full depth 79 and Toffoli depth 11
y224 = y224+y212;  y192 = y192+y180;  y284 = y284+y271;  y247 = y247+y235;  y223 = y223+y216;  y191 = y191+y184;  y283 = y283+y275;  y246 = y246+y239;  y217 = y217+y215;  y185 = y185+y183;  y276 = y276+y274;  y240 = y240+y238;

#Full depth 80 and Toffoli depth 11
y220 = y220+y210;  y188 = y188+y178;  y280 = y280+y269;  y243 = y243+y233;  y216 = y216+y215;  y184 = y184+y183;  y275 = y275+y274;  y239 = y239+y238;  y212 = y212+y211;  y180 = y180+y179;  y271 = y271+y270;  y235 = y235+y234;

#Full depth 81 and Toffoli depth 12
y217 = y217+y209;  y185 = y185+y177;  y276 = y276+y268;  y240 = y240+y232;  y215 = y215+y213*y214;  y183 = y183+y181*y182;  y274 = y274+y272*y273;  y238 = y238+y236*y237;  y211 = y211+y208*y210;  y179 = y179+y175*y178;  y270 = y270+y266*y269;  y234 = y234+y231*y233;

#Full depth 82 and Toffoli depth 12
y210 = y210+y209;  y178 = y178+y177;  y269 = y269+y268;  y233 = y233+y232;

#Full depth 83 and Toffoli depth 12
y222 = y222+y208;  y190 = y190+y175;  y282 = y282+y266;  y245 = y245+y231;  y213 = y213+y207;  y181 = y181+y174;  y272 = y272+y265;  y236 = y236+y230;  y214 = y214+y209;  y182 = y182+y177;  y273 = y273+y268;  y237 = y237+y232;  y216 = y216+y206;  y184 = y184+y173;  y275 = y275+y264;  y239 = y239+y229;

#Full depth 84 and Toffoli depth 13
y209 = y209+y205*y207;  y177 = y177+y172*y174;  y268 = y268+y263*y265;  y232 = y232+y228*y230;  y214 = y214+y204;  y182 = y182+y170;  y273 = y273+y261;  y237 = y237+y176;  y212 = y212+y197;  y180 = y180+y162;  y271 = y271+y253;  y235 = y235+y258;  y208 = y208+y361;  y175 = y175+y340;  y266 = y266+y320;  y231 = y231+y298;

#Full depth 85 and Toffoli depth 13
y214 = y214+y362;  y182 = y182+y341;  y273 = y273+y321;  y237 = y237+y300;  y213 = y213+y206;  y181 = y181+y173;  y272 = y272+y264;  y236 = y236+y229;  y212 = y212+y202;  y180 = y180+y168;  y271 = y271+y259;  y235 = y235+y167;  y208 = y208+y204;  y175 = y175+y170;  y266 = y266+y261;  y231 = y231+y176;  y205 = y205+y203;  y172 = y172+y169;  y263 = y263+y260;  y228 = y228+y171;

#Full depth 86 and Toffoli depth 13
y214 = y214+y198;  y182 = y182+y163;  y273 = y273+y254;  y237 = y237+y262;  y212 = y212+y362;  y180 = y180+y341;  y271 = y271+y321;  y235 = y235+y300;  y210 = y210+y206;  y178 = y178+y173;  y269 = y269+y264;  y233 = y233+y229;  y208 = y208+y200;  y175 = y175+y165;  y266 = y266+y256;  y231 = y231+y277;  y207 = y207+y58;  y174 = y174+y50;  y265 = y265+y42;  y230 = y230+y34;  y205 = y205+y202;  y172 = y172+y168;  y263 = y263+y259;  y228 = y228+y167;

#Full depth 87 and Toffoli depth 13
y219 = y219+y197;  y187 = y187+y162;  y279 = y279+y253;  y242 = y242+y258;  y214 = y214+y199;  y182 = y182+y164;  y273 = y273+y255;  y237 = y237+y267;  y212 = y212+y198;  y180 = y180+y163;  y271 = y271+y254;  y235 = y235+y262;  y208 = y208+y196;  y175 = y175+y161;  y266 = y266+y252;  y231 = y231+y251;  y207 = y207+y203;  y174 = y174+y169;  y265 = y265+y260;  y230 = y230+y171;  y206 = y206+y204;  y173 = y173+y170;  y264 = y264+y261;  y229 = y229+y176;  y205 = y205+y201;  y172 = y172+y166;  y263 = y263+y257;  y228 = y228+y288;

#Full depth 88 and Toffoli depth 13
y219 = y219+y198;  y187 = y187+y163;  y279 = y279+y254;  y242 = y242+y262;  y214 = y214+y197;  y182 = y182+y162;  y273 = y273+y253;  y237 = y237+y258;  y212 = y212+y204;  y180 = y180+y170;  y271 = y271+y261;  y235 = y235+y176;  y208 = y208+y203;  y175 = y175+y169;  y266 = y266+y260;  y231 = y231+y171;  y207 = y207+y196;  y174 = y174+y161;  y265 = y265+y252;  y230 = y230+y251;  y206 = y206+y202;  y173 = y173+y168;  y264 = y264+y259;  y229 = y229+y167;  y205 = y205+y200;  y172 = y172+y165;  y263 = y263+y256;  y228 = y228+y277;

#Full depth 89 and Toffoli depth 13
y219 = y219+y203;  y187 = y187+y169;  y279 = y279+y260;  y242 = y242+y171;  y214 = y214+y201;  y182 = y182+y166;  y273 = y273+y257;  y237 = y237+y288;  y212 = y212+y199;  y180 = y180+y164;  y271 = y271+y255;  y235 = y235+y267;  y208 = y208+y197;  y175 = y175+y162;  y266 = y266+y253;  y231 = y231+y258;  y207 = y207+y202;  y174 = y174+y168;  y265 = y265+y259;  y230 = y230+y167;  y206 = y206+y196;  y173 = y173+y161;  y264 = y264+y252;  y229 = y229+y251;  y205 = y205+y198;  y172 = y172+y163;  y263 = y263+y254;  y228 = y228+y262;

#Full depth 90 and Toffoli depth 13
y219 = y219+y204;  y187 = y187+y170;  y279 = y279+y261;  y242 = y242+y176;  y214 = y214+y202;  y182 = y182+y168;  y273 = y273+y259;  y237 = y237+y167;  y212 = y212+y201;  y180 = y180+y166;  y271 = y271+y257;  y235 = y235+y288;  y208 = y208+y199;  y175 = y175+y164;  y266 = y266+y255;  y231 = y231+y267;  y207 = y207+y197;  y174 = y174+y162;  y265 = y265+y253;  y230 = y230+y258;  y206 = y206+y198;  y173 = y173+y163;  y264 = y264+y254;  y229 = y229+y262;  y205 = y205+y196;  y172 = y172+y161;  y263 = y263+y252;  y228 = y228+y251;

#Full depth 91 and Toffoli depth 14
y208 = y208+y362;  y175 = y175+y341;  y266 = y266+y321;  y231 = y231+y300;  y206 = y206+y360;  y173 = y173+y339;  y264 = y264+y318;  y229 = y229+y297;  y205 = y205+y361;  y172 = y172+y340;  y263 = y263+y320;  y228 = y228+y298;  y204 = y204+y346*y342;  y170 = y170+y326*y322;  y261 = y261+y305*y301;  y176 = y176+y329*y289;  y203 = y203+y351*y350;  y169 = y169+y331*y330;  y260 = y260+y310*y308;  y171 = y171+y364*y363;  y202 = y202+y64*y343;  y168 = y168+y56*y323;  y259 = y259+y48*y302;  y167 = y167+y40*y299;  y201 = y201+y356*y63;  y166 = y166+y336*y55;  y257 = y257+y315*y47;  y288 = y288+y294*y39;  y200 = y200+y353*y352;  y165 = y165+y333*y332;  y256 = y256+y312*y311;  y277 = y277+y291*y290;  y199 = y199+y355*y354;  y164 = y164+y335*y334;  y255 = y255+y314*y313;  y267 = y267+y293*y292;  y198 = y198+y347*y344;  y163 = y163+y327*y324;  y254 = y254+y306*y303;  y262 = y262+y348*y309;  y197 = y197+y357*y358;  y162 = y162+y337*y338;  y253 = y253+y316*y317;  y258 = y258+y295*y296;  y196 = y196+y349*y345;  y161 = y161+y328*y325;  y252 = y252+y307*y304;  y251 = y251+y359*y319;

#Full depth 92 and Toffoli depth 14
y362 = y362+y59;  y341 = y341+y51;  y321 = y321+y43;  y300 = y300+y35;

#Full depth 93 and Toffoli depth 14
y219 = y219+y360;  y187 = y187+y339;  y279 = y279+y318;  y242 = y242+y297;  y362 = y362+y61;  y341 = y341+y53;  y321 = y321+y45;  y300 = y300+y37;  y361 = y361+y59;  y340 = y340+y51;  y320 = y320+y43;  y298 = y298+y35;

#Full depth 94 and Toffoli depth 14
y362 = y362+y62;  y341 = y341+y54;  y321 = y321+y46;  y300 = y300+y38;  y360 = y360+y60;  y339 = y339+y52;  y318 = y318+y44;  y297 = y297+y36;  y358 = y358+y59;  y338 = y338+y51;  y317 = y317+y43;  y296 = y296+y35;  y357 = y357+y57;  y337 = y337+y49;  y316 = y316+y41;  y295 = y295+y33;  y356 = y356+y61;  y336 = y336+y53;  y315 = y315+y45;  y294 = y294+y37;

#Full depth 95 and Toffoli depth 14
y360 = y360+y64;  y339 = y339+y56;  y318 = y318+y48;  y297 = y297+y40;  y358 = y358+y57;  y338 = y338+y49;  y317 = y317+y41;  y296 = y296+y33;  y357 = y357+y62;  y337 = y337+y54;  y316 = y316+y46;  y295 = y295+y38;  y356 = y356+y59;  y336 = y336+y51;  y315 = y315+y43;  y294 = y294+y35;

#Full depth 96 and Toffoli depth 14
y362 = y362+y57;  y341 = y341+y49;  y321 = y321+y41;  y300 = y300+y33;  y361 = y361+y61;  y340 = y340+y53;  y320 = y320+y45;  y298 = y298+y37;  y360 = y360+y63;  y339 = y339+y55;  y318 = y318+y47;  y297 = y297+y39;  y358 = y358+y62;  y338 = y338+y54;  y317 = y317+y46;  y296 = y296+y38;  y357 = y357+y60;  y337 = y337+y52;  y316 = y316+y44;  y295 = y295+y36;  y356 = y356+y64;  y336 = y336+y56;  y315 = y315+y48;  y294 = y294+y40;  y355 = y355+y59;  y335 = y335+y51;  y314 = y314+y43;  y293 = y293+y35;

#Full depth 97 and Toffoli depth 14
y219 = y219+y58;  y187 = y187+y50;  y279 = y279+y42;  y242 = y242+y34;  y360 = y360+y62;  y339 = y339+y54;  y318 = y318+y46;  y297 = y297+y38;  y358 = y358+y63;  y338 = y338+y55;  y317 = y317+y47;  y296 = y296+y39;  y357 = y357+y59;  y337 = y337+y51;  y316 = y316+y43;  y295 = y295+y35;  y356 = y356+y60;  y336 = y336+y52;  y315 = y315+y44;  y294 = y294+y36;  y355 = y355+y61;  y335 = y335+y53;  y314 = y314+y45;  y293 = y293+y37;  y353 = y353+y64;  y333 = y333+y56;  y312 = y312+y48;  y291 = y291+y40;

#Full depth 98 and Toffoli depth 14
y361 = y361+y58;  y340 = y340+y50;  y320 = y320+y42;  y298 = y298+y34;  y358 = y358+y60;  y338 = y338+y52;  y317 = y317+y44;  y296 = y296+y36;  y357 = y357+y63;  y337 = y337+y55;  y316 = y316+y47;  y295 = y295+y39;  y356 = y356+y62;  y336 = y336+y54;  y315 = y315+y46;  y294 = y294+y38;  y351 = y351+y64;  y331 = y331+y56;  y310 = y310+y48;  y364 = y364+y40;  y350 = y350+y59;  y330 = y330+y51;  y308 = y308+y43;  y363 = y363+y35;  y347 = y347+y61;  y327 = y327+y53;  y306 = y306+y45;  y348 = y348+y37;  y344 = y344+y57;  y324 = y324+y49;  y303 = y303+y41;  y309 = y309+y33;

#Full depth 99 and Toffoli depth 14
y357 = y357+y58;  y337 = y337+y50;  y316 = y316+y42;  y295 = y295+y34;  y354 = y354+y62;  y334 = y334+y54;  y313 = y313+y46;  y292 = y292+y38;  y353 = y353+y60;  y333 = y333+y52;  y312 = y312+y44;  y291 = y291+y36;  y352 = y352+y63;  y332 = y332+y55;  y311 = y311+y47;  y290 = y290+y39;  y349 = y349+y59;  y328 = y328+y51;  y307 = y307+y43;  y359 = y359+y35;  y345 = y345+y64;  y325 = y325+y56;  y304 = y304+y48;  y319 = y319+y40;  y344 = y344+y61;  y324 = y324+y53;  y303 = y303+y45;  y309 = y309+y37;  y342 = y342+y57;  y322 = y322+y49;  y301 = y301+y41;  y289 = y289+y33;

#Full depth 100 and Toffoli depth 14
y355 = y355+y57;  y335 = y335+y49;  y314 = y314+y41;  y293 = y293+y33;  y354 = y354+y58;  y334 = y334+y50;  y313 = y313+y42;  y292 = y292+y34;  y353 = y353+y62;  y333 = y333+y54;  y312 = y312+y46;  y291 = y291+y38;  y351 = y351+y63;  y331 = y331+y55;  y310 = y310+y47;  y364 = y364+y39;  y349 = y349+1;  y328 = y328+1;  y307 = y307+1;  y359 = y359+1;  y345 = y345+y61;  y325 = y325+y53;  y304 = y304+y45;  y319 = y319+y37;  y344 = y344+y64;  y324 = y324+y56;  y303 = y303+y48;  y309 = y309+y40;  y343 = y343+y59;  y323 = y323+y51;  y302 = y302+y43;  y299 = y299+y35;  y342 = y342+y60;  y322 = y322+y52;  y301 = y301+y44;  y289 = y289+y36;

#Full depth 101 and Toffoli depth 14
y352 = y352+y62;  y332 = y332+y54;  y311 = y311+y46;  y290 = y290+y38;  y350 = y350+y57;  y330 = y330+y49;  y308 = y308+y41;  y363 = y363+y33;  y349 = y349+y60;  y328 = y328+y52;  y307 = y307+y44;  y359 = y359+y36;  y346 = y346+y63;  y326 = y326+y55;  y305 = y305+y47;  y329 = y329+y39;  y345 = y345+y59;  y325 = y325+y51;  y304 = y304+y43;  y319 = y319+y35;  y344 = y344+y58;  y324 = y324+y50;  y303 = y303+y42;  y309 = y309+y34;  y343 = y343+y64;  y323 = y323+y56;  y302 = y302+y48;  y299 = y299+y40;  y342 = y342+y61;  y322 = y322+y53;  y301 = y301+y45;  y289 = y289+y37;

#Full depth 102 and Toffoli depth 14
y352 = y352+y58;  y332 = y332+y50;  y311 = y311+y42;  y290 = y290+y34;  y351 = y351+1;  y331 = y331+1;  y310 = y310+1;  y364 = y364+1;  y349 = y349+y62;  y328 = y328+y54;  y307 = y307+y46;  y359 = y359+y38;  y347 = y347+y57;  y327 = y327+y49;  y306 = y306+y41;  y348 = y348+y33;  y346 = y346+y59;  y326 = y326+y51;  y305 = y305+y43;  y329 = y329+y35;  y345 = y345+y63;  y325 = y325+y55;  y304 = y304+y47;  y319 = y319+y39;  y344 = y344+y60;  y324 = y324+y52;  y303 = y303+y44;  y309 = y309+y36;  y343 = y343+y61;  y323 = y323+y53;  y302 = y302+y45;  y299 = y299+y37;  y342 = y342+y64;  y322 = y322+y56;  y301 = y301+y48;  y289 = y289+y40;

#Full depth 103 and Toffoli depth 14
y361 = y361+1;  y340 = y340+1;  y320 = y320+1;  y298 = y298+1;  y358 = y358+1;  y338 = y338+1;  y317 = y317+1;  y296 = y296+1;  y357 = y357+1;  y337 = y337+1;  y316 = y316+1;  y295 = y295+1;  y356 = y356+1;  y336 = y336+1;  y315 = y315+1;  y294 = y294+1;  y355 = y355+1;  y335 = y335+1;  y314 = y314+1;  y293 = y293+1;  y354 = y354+1;  y334 = y334+1;  y313 = y313+1;  y292 = y292+1;  y353 = y353+y57;  y333 = y333+y49;  y312 = y312+y41;  y291 = y291+y33;  y352 = y352+1;  y332 = y332+1;  y311 = y311+1;  y290 = y290+1;  y351 = y351+y59;  y331 = y331+y51;  y310 = y310+y43;  y364 = y364+y35;  y350 = y350+y60;  y330 = y330+y52;  y308 = y308+y44;  y363 = y363+y36;  y349 = y349+y61;  y328 = y328+y53;  y307 = y307+y45;  y359 = y359+y37;  y347 = y347+y63;  y327 = y327+y55;  y306 = y306+y47;  y348 = y348+y39;  y346 = y346+1;  y326 = y326+1;  y305 = y305+1;  y329 = y329+1;  y345 = y345+1;  y325 = y325+1;  y304 = y304+1;  y319 = y319+1;  y344 = y344+y62;  y324 = y324+y54;  y303 = y303+y46;  y309 = y309+y38;  y343 = y343+1;  y323 = y323+1;  y302 = y302+1;  y299 = y299+1;  y342 = y342+1;  y322 = y322+1;  y301 = y301+1;  y289 = y289+1;  y58 = y58+1;  y50 = y50+1;  y42 = y42+1;  y34 = y34+1;  y64 = y64+1;  y56 = y56+1;  y48 = y48+1;  y40 = y40+1;

#Full depth 104 and Toffoli depth 14
y64 = y64+y128;  y63 = y63+y127;  y62 = y62+y126;  y61 = y61+y125;  y60 = y60+y124;  y59 = y59+y123;  y58 = y58+y122;  y57 = y57+y121;  y56 = y56+y120;  y55 = y55+y119;  y54 = y54+y118;  y53 = y53+y117;  y52 = y52+y116;  y51 = y51+y115;  y50 = y50+y114;  y49 = y49+y113;  y48 = y48+y112;  y47 = y47+y111;  y46 = y46+y110;  y45 = y45+y109;  y44 = y44+y108;  y43 = y43+y107;  y42 = y42+y106;  y41 = y41+y105;  y40 = y40+y104;  y39 = y39+y103;  y38 = y38+y102;  y37 = y37+y101;  y36 = y36+y100;  y35 = y35+y99;  y34 = y34+y98;  y33 = y33+y97;

#Full depth 105 and Toffoli depth 14
y64 = y64+y96;  y63 = y63+y95;  y62 = y62+y94;  y61 = y61+y93;  y60 = y60+y92;  y59 = y59+y91;  y58 = y58+y90;  y57 = y57+y89;  y56 = y56+y88;  y55 = y55+y87;  y54 = y54+y86;  y53 = y53+y85;  y52 = y52+y84;  y51 = y51+y83;  y50 = y50+y82;  y49 = y49+y81;  y48 = y48+y80;  y47 = y47+y79;  y46 = y46+y78;  y45 = y45+y77;  y44 = y44+y76;  y43 = y43+y75;  y42 = y42+y74;  y41 = y41+y73;  y40 = y40+y72;  y39 = y39+y71;  y38 = y38+y70;  y37 = y37+y69;  y36 = y36+y68;  y35 = y35+y67;  y34 = y34+y66;  y33 = y33+y65;

#Reordering
z1=y33; z2=y34; z3=y35; z4=y36; z5=y37; z6=y38; z7=y39; z8=y40; z9=y41; z10=y42; z11=y43; z12=y44; z13=y45; z14=y46; z15=y47; z16=y48; z17=y49; z18=y50; z19=y51; z20=y52; z21=y53; z22=y54; z23=y55; z24=y56; z25=y57; z26=y58; z27=y59; z28=y60; z29=y61; z30=y62; z31=y63; z32=y64; z33=y65; z34=y66; z35=y67; z36=y68; z37=y69; z38=y70; z39=y71; z40=y72; z41=y73; z42=y74; z43=y75; z44=y76; z45=y77; z46=y78; z47=y79; z48=y80; z49=y81; z50=y82; z51=y83; z52=y84; z53=y85; z54=y86; z55=y87; z56=y88; z57=y89; z58=y90; z59=y91; z60=y92; z61=y93; z62=y94; z63=y95; z64=y96; z65=y97; z66=y98; z67=y99; z68=y100; z69=y101; z70=y102; z71=y103; z72=y104; z73=y105; z74=y106; z75=y107; z76=y108; z77=y109; z78=y110; z79=y111; z80=y112; z81=y113; z82=y114; z83=y115; z84=y116; z85=y117; z86=y118; z87=y119; z88=y120; z89=y121; z90=y122; z91=y123; z92=y124; z93=y125; z94=y126; z95=y127; z96=y128; z97=y1; z98=y2; z99=y3; z100=y4; z101=y5; z102=y6; z103=y7; z104=y8; z105=y9; z106=y10; z107=y11; z108=y12; z109=y13; z110=y14; z111=y15; z112=y16; z113=y17; z114=y18; z115=y19; z116=y20; z117=y21; z118=y22; z119=y23; z120=y24; z121=y25; z122=y26; z123=y27; z124=y28; z125=y29; z126=y30; z127=y31; z128=y32;
