        S[1] = S[1] + T[71];
    //48 7
    T[71] = T[71] + T[68];
    //47 7
    S[6] = S[6] + T[68];
    //46 7
    T[71] = T[71] + S[2];
    S[6] = S[6] + T[62];
    T[68] = T[68] + T[64];
    S[7] = S[7] + S[3];
    //45 7
    S[2] = S[2] + T[67];
    S[7] = S[7] + T[66];
    S[5] = S[5] + T[62];
    S[3] = S[3] + T[64];
    //44 7
    S[1] = S[1] + T[70];
    S[0] = T[69] + 1;
    T[68] = T[68] + S[4];
    T[67] = T[67] + T[62];
    S[5] = S[5] + T[66];
    S[3] = S[3] + T[65];
    T[64] = T[64] + T[63];
    //43 7
    T[70] = T[70] + T[59];
    T[69] = T[69] + T[55];
    S[2] = S[2] + T[58];
    T[66] = T[66] + T[57];
    T[65] = T[65] + T[52];
    T[63] = T[63] + 1;
    T[62] = T[62] + T[54];
    S[4] = S[4] + T[51];
    //42 7
    T[70] = T[70] + T[57];
    T[69] = T[69] + T[51];
    T[67] = T[67] + T[56];
    T[66] = T[66] + T[61];
    T[65] = T[65] + T[50];
    T[64] = T[64] + T[58];
    T[63] = T[63] + T[60];
    T[62] = T[62] + T[52];
    S[4] = S[4] + T[53];
    //41 7
    T[61] = T[61] + z[1];
    T[60] = T[60] + z[2];
    T[59] = T[59] + z[5];
    T[58] = T[58] + z[3];
    T[57] = T[57] + z[7];
    T[56] = T[56] + z[8];
    T[55] = T[55] + z[10];
    T[54] = T[54] + z[11];
    T[53] = T[53] + z[12];
    T[52] = T[52] + z[13];
    T[51] = T[51] + z[16];
    T[50] = T[50] + z[17];
    //40 7
    T[61] = T[61] + z[0];
    T[60] = T[60] + z[1];
    T[59] = T[59] + z[3];
    T[58] = T[58] + z[4];
    T[57] = T[57] + z[6];
    T[56] = T[56] + z[7];
    T[55] = T[55] + z[9];
    T[54] = T[54] + z[10];
    T[53] = T[53] + z[14];
    T[52] = T[52] + z[12];
    T[51] = T[51] + z[15];
    T[50] = T[50] + z[16];
    //39 7
    QAND(T[44], Y[4], z[0]);
    QAND(T[49], Y[9], z[1]);
    QAND(T[33], U[0], z[2]);
    QAND(T[46], Y[14], z[3]); // before: QAND(T[46], Y[15], z[3]);
    QAND(T[47], Y[13], z[4]);
    QAND(T[48], Y[11], z[5]);
    QAND(T[41], Y[6], z[6]);
    QAND(T[45], Y[16], z[7]); // before: QAND(T[45], U[6], z[7]);
    QAND(T[37], Y[7], z[8]);
    QAND(T[44], Y[0], z[9]);
    QAND(T[49], Y[8], z[10]);
    QAND(T[33], Y[1], z[11]);
    QAND(T[46], U[1], z[12]);
    QAND(T[47], Y[12], z[13]);
    QAND(T[48], Y[10], z[14]);
    QAND(T[41], Y[2], z[15]);
    QAND(T[45], Y[15], z[16]);
    QAND(T[37], Y[3], z[17]);
    //38 7
    T[49] = T[49] + T[44];
    T[48] = T[48] + T[47];
    //37 6
    T[47] = T[47] + T[44];
    //36 6
    T[44] = T[44] + T[43];
    //35 6
    T[47] = T[47] + T[41];
    QAND(T[33], T[42], T[43]);
    //34 6
    T[48] = T[48] + T[46];
    T[45] = T[45] + T[41];
    T[42] = T[42] + T[40];
    //33 5
    T[46] = T[46] + T[37];
    T[41] = T[41] + T[40];
    //32 5
    T[45] = T[45] + T[37];
    QAND(T[26], T[39], T[40]);
    //31 5
    T[41] = T[41] + T[38];
    T[39] = T[39] + T[37];
    //30 4
    T[49] = T[49] + T[33];
    T[38] = T[38] + T[37];
    //29 4
    T[46] = T[46] + T[33];
    T[42] = T[42] + T[31];
    T[37] = T[37] + T[36];
    //28 4
    T[39] = T[39] + T[31];
    QAND(T[34],T[35],T[36]);
    T[33] = T[33] + T[32];
    //27 4
    T[35] = T[35] + T[30];
    QAND(T[29], T[31], T[32]);
    //26 3
    T[35] = T[35] + T[20];
    T[31] = T[31] + T[30];
    //25 2
    T[44] = T[44] + T[29];
    T[37] = T[37] + T[26];
    T[33] = T[33] + T[20];
    QAND(T[24], T[28], T[30]);
    //24 2
    T[29] = T[29] + T[24];
    //23 1
    T[38] = T[38] + T[28];
    T[34] = T[34] + T[26];
    T[29] = T[29] + T[20];
    //22 1
    T[34] = T[34] + T[28];
    T[31] = T[31] + T[26];
    T[24] = T[24] + T[23];
    T[20] = T[20] + T[19];
    //21 1
    T[28] = T[28] + T[27];
    T[26] = T[26] + T[25];
    T[23] = T[23] + T[22];
    T[19] = T[19] + T[18];
    //20 1
    T[27] = T[27] + T[16];
    T[25] = T[25] + T[14];
    T[22] = T[22] + T[21];
    T[18] = T[18] + T[17];
    //19 1
    T[21] = T[21] + T[16];
    T[17] = T[17] + T[14];
    //18 1
    T[16] = T[16] + T[15];
    T[14] = T[14] + T[13];
    //17 1
    T[27] = T[27] + T[5];
    T[25] = T[25] + T[4];
    T[22] = T[22] + T[9];
    T[21] = T[21] + T[6];
    T[15] = T[15] + T[11];
    T[13] = T[13] + T[10];
    //16 1
    T[23] = T[23] + T[8];
    T[19] = T[19] + T[7];
    T[18] = T[18] + T[9];
    T[17] = T[17] + T[5];
    T[16] = T[16] + T[4];
    T[15] = T[15] + T[10];
    T[14] = T[14] + T[6];
    T[13] = T[13] + T[12];
    //15 1
    T[26] = T[26] + Y[18];
    QAND(Y[4], Y[0], T[12]);
    QAND(Y[9], Y[8], T[11]);
    QAND(U[0], Y[1], T[10]);
    QAND(Y[14], U[1], T[9]);
    QAND(Y[11], Y[10], T[8]);
    QAND(Y[13], Y[12], T[7]);
    QAND(Y[6], Y[2], T[6]);
    QAND(Y[15], Y[16], T[5]);
    QAND(Y[7], Y[3], T[4]);
    //14 1
    Y[18] = Y[18] + Y[7];
    //13 0
    Y[13] = Y[13] + Y[14];
    Y[6] = Y[6] + Y[7];
    //12 0
    Y[13] = Y[13] + Y[11];
    Y[14] = Y[14] + Y[7];
    //11 0
    Y[6] = Y[6] + Y[16];
    Y[7] = Y[7] + Y[11];
    //10 0
    Y[11] = Y[11] + Y[16];
    //9 0
    Y[16] = Y[16] + Y[15];
    //8 0
    Y[18] = Y[18] + Y[3];
    Y[7] = Y[7] + T[2];
    Y[11] = Y[11] + Y[9];
    Y[15] = Y[15] + Y[2];
    //7 0
    T[20] = T[20] + Y[20];
    T[2] = T[2] + Y[1];
    Y[15] = Y[15] + Y[3];
    Y[2] = Y[2] + Y[0];
    Y[4] = Y[4] + Y[9];
    //6 0
    T[28] = T[28] + U[6];
    T[24] = T[24] + Y[19];
    Y[20] = Y[20] + T[0];
    Y[0] = Y[0] + Y[1];
    Y[9] = Y[9] + Y[3];
    //5 0
    Y[20] = Y[20] + T[3];
    Y[14] = Y[14] + U[0];
    Y[16] = Y[16] + U[6];
    Y[2] = Y[2] + Y[12];
    Y[0] = Y[0] + Y[8];
    Y[19] = Y[19] + T[0];
    Y[3] = Y[3] + Y[1];
    //4 0
    T[3] = T[3] + U[7];
    U[6] = U[6] + 1;
    Y[8] = Y[8] + T[1];
    Y[4] = Y[4] + U[0];
    Y[1] = Y[1] + T[0];
    Y[10] = Y[10] + Y[12];
    //3 0
    T[3] = T[3] + U[2];
    T[1] = T[1] + U[7];
    U[0] = U[0] + 1;
    Y[9] = Y[9] + U[3];
    Y[3] = Y[3] + U[1];
    T[0] = T[0] + U[5];
    Y[12] = Y[12] + U[6];
    //2 0
    T[2] = T[2] + U[7];
    Y[8] = Y[8] + U[5];
    T[1] = T[1] + U[4];
    Y[19] = Y[19] + U[6];
    Y[1] = Y[1] + U[0];
    T[0] = T[0] + U[3];
    Y[10] = Y[10] + U[1];
    Y[12] = Y[12] + U[2];
    //1 0
